288093 424716 449
394094 277034 441
251979 259592 363
322111 483359 449
38938 53667 340
140807 119772 344
93196 224041 386
1 999999 525
298433 57740 443
413114 82089 449
191330 11354 383
10 10 7
204591 289786 443
79798 226494 386
1 9000 262
342821 152871 443
24723 203019 383
392562 210535 443
482903 137399 449
236995 257831 368
429338 280770 449
189508 114651 383
177296 164900 352
194828 485212 449
204092 152626 383
109418 213685 383
444555 492760 444
494195 460017 444
456912 126935 449
379896 215084 443
166529 33993 383
195809 54762 383
26196 195483 383
265870 68438 443
323543 27516 443
125414 351000 443
383115 295753 441
94639 417950 449
44692 231170 443
475110 141745 449
494259 201362 449
466790 448189 444
408144 382304 436
87938 84865 333
106614 115158 323
373781 35853 443
184565 110864 383
317799 432325 449
331420 115248 443
303213 166738 443
3518 217978 386
298568 240110 407
143901 461931 449
92539 192046 383
148050 192588 383
478065 49324 449
102914 412883 449
371066 272643 441
364685 257473 441
167618 69818 383
367666 157618 443
499406 304394 449
217341 108179 386
98631 322676 443
414587 358497 449
114682 202755 383
448655 142264 449
75756 391128 443
179896 370298 443
322657 35299 443
280424 53777 443
238543 266906 407
253009 128267 443
373138 438840 449
227153 460751 449
213509 97882 383
280525 169537 443
369049 231064 441
457762 97866 449
481843 284801 449
422138 104549 449
29922 367217 443
256803 67289 443
408906 423365 449
127682 17 354
201145 255105 443
114785 385651 443
419223 162385 449
357287 252408 441
254854 145201 443
364698 335020 441
392600 334547 441
407399 223064 443
294500 125626 443
311644 23429 443
168985 344548 443
465348 22226 449
312940 409938 441
186124 109049 383
94519 136149 354
43019 244654 443
264761 376352 441
259552 398360 441
194375 189424 360
17551 435309 449
168904 325919 443
243789 480050 449
447621 242913 449
331336 453555 449
213713 171885 373